2018-08-19 16:19:42 INFO  Introduction:40 - Prices [0, 1, 5, 8, 9, 10, 17, 17, 20, 24, 30]
2018-08-19 16:19:42 INFO  Introduction:42 - Optimized Size of steel rod of size 4 = 10
2018-08-19 17:14:26 INFO  Introduction:51 - Prices [0, 1, 5, 8, 9, 10, 17, 17, 20, 24, 30, 31, 32, 33, 34, 35, 36, 37, 38, 39, 40, 41, 42, 43, 44, 45, 46, 47, 48, 49, 50, 51, 52, 53, 54, 55, 56, 57, 58, 59, 60]
2018-08-19 17:44:16 INFO  Introduction:54 - Prices [0, 1, 5, 8, 9, 10, 17, 17, 20, 24, 30, 31, 32, 33, 34, 35, 36, 37, 38, 39, 40, 41, 42, 43, 44, 45, 46, 47, 48, 49, 50, 51, 52, 53, 54, 55, 56, 57, 58, 59, 60, 61, 62, 63, 64, 65, 66, 67, 68, 69, 70]
2018-08-19 17:44:16 INFO  Introduction:58 - Optimized Size of steel rod of size = 40, 
startTime = 2018-08-19T17:44:16.414
2018-08-19 17:44:16 INFO  Introduction:62 - Total execution time in mili seconds = 114
2018-08-19 17:44:35 INFO  Introduction:54 - Prices [0, 1, 5, 8, 9, 10, 17, 17, 20, 24, 30, 31, 32, 33, 34, 35, 36, 37, 38, 39, 40, 41, 42, 43, 44, 45, 46, 47, 48, 49, 50, 51, 52, 53, 54, 55, 56, 57, 58, 59, 60, 61, 62, 63, 64, 65, 66, 67, 68, 69, 70]
2018-08-19 17:44:35 INFO  Introduction:58 - Optimized Size of steel rod of size = 4, 
startTime = 2018-08-19T17:44:35.764
2018-08-19 17:44:35 INFO  Introduction:62 - Total execution time in mili seconds = 110
2018-08-19 17:44:51 INFO  Introduction:54 - Prices [0, 1, 5, 8, 9, 10, 17, 17, 20, 24, 30, 31, 32, 33, 34, 35, 36, 37, 38, 39, 40, 41, 42, 43, 44, 45, 46, 47, 48, 49, 50, 51, 52, 53, 54, 55, 56, 57, 58, 59, 60, 61, 62, 63, 64, 65, 66, 67, 68, 69, 70]
2018-08-19 17:44:51 INFO  Introduction:58 - Optimized Size of steel rod of size = 49, 
startTime = 2018-08-19T17:44:51.237
2018-08-19 17:44:51 INFO  Introduction:62 - Total execution time in mili seconds = 107
2018-08-19 17:46:09 INFO  Introduction:55 - Optimized value of steel rod of size = 4, 
startTime = 2018-08-19T17:46:09.805
2018-08-19 17:46:09 INFO  Introduction:61 - Total execution time in mili seconds = 120
2018-08-19 17:46:19 INFO  Introduction:55 - Optimized value of steel rod of size = 10, 
startTime = 2018-08-19T17:46:19.427
2018-08-19 17:46:19 INFO  Introduction:61 - Total execution time in mili seconds = 118
2018-08-19 17:46:24 INFO  Introduction:55 - Optimized value of steel rod of size = 10, 
startTime = 2018-08-19T17:46:24.57
2018-08-19 17:46:24 INFO  Introduction:61 - Total execution time in mili seconds = 113
2018-08-19 17:46:25 INFO  Introduction:55 - Optimized value of steel rod of size = 10, 
startTime = 2018-08-19T17:46:25.655
2018-08-19 17:46:25 INFO  Introduction:61 - Total execution time in mili seconds = 121
2018-08-19 17:46:26 INFO  Introduction:55 - Optimized value of steel rod of size = 10, 
startTime = 2018-08-19T17:46:26.703
2018-08-19 17:46:26 INFO  Introduction:61 - Total execution time in mili seconds = 110
2018-08-19 17:46:27 INFO  Introduction:55 - Optimized value of steel rod of size = 10, 
startTime = 2018-08-19T17:46:27.686
2018-08-19 17:46:27 INFO  Introduction:61 - Total execution time in mili seconds = 104
2018-08-19 17:46:29 INFO  Introduction:55 - Optimized value of steel rod of size = 10, 
startTime = 2018-08-19T17:46:29.219
2018-08-19 17:46:29 INFO  Introduction:61 - Total execution time in mili seconds = 108
2018-08-19 17:46:30 INFO  Introduction:55 - Optimized value of steel rod of size = 10, 
startTime = 2018-08-19T17:46:30.56
2018-08-19 17:46:30 INFO  Introduction:61 - Total execution time in mili seconds = 109
2018-08-19 17:46:35 INFO  Introduction:55 - Optimized value of steel rod of size = 45, 
startTime = 2018-08-19T17:46:35.346
2018-08-19 17:46:52 INFO  Introduction:55 - Optimized value of steel rod of size = 25, 
startTime = 2018-08-19T17:46:52.632
2018-08-19 17:46:52 INFO  Introduction:61 - Total execution time in mili seconds = 326
2018-08-19 18:20:30 INFO  Introduction:83 - Optimized value of steel rod of size = 25, 
startTime = 2018-08-19T18:20:30.895
2018-08-19 18:20:31 INFO  Introduction:89 - Total execution time in mili seconds = 314
2018-08-19 18:20:32 INFO  Introduction:83 - Optimized value of steel rod of size = 25, 
startTime = 2018-08-19T18:20:32.462
2018-08-19 18:20:32 INFO  Introduction:89 - Total execution time in mili seconds = 312
2018-08-19 18:20:33 INFO  Introduction:83 - Optimized value of steel rod of size = 25, 
startTime = 2018-08-19T18:20:33.845
2018-08-19 18:20:34 INFO  Introduction:89 - Total execution time in mili seconds = 349
2018-08-19 18:20:35 INFO  Introduction:83 - Optimized value of steel rod of size = 25, 
startTime = 2018-08-19T18:20:35.147
2018-08-19 18:20:35 INFO  Introduction:89 - Total execution time in mili seconds = 333
2018-08-19 18:20:36 INFO  Introduction:83 - Optimized value of steel rod of size = 25, 
startTime = 2018-08-19T18:20:36.454
2018-08-19 18:20:36 INFO  Introduction:89 - Total execution time in mili seconds = 307
2018-08-19 18:20:59 INFO  Introduction:83 - Optimized value of steel rod of size = 25, 
startTime = 2018-08-19T18:20:59.101
2018-08-19 18:21:15 INFO  Introduction:83 - Optimized value of steel rod of size = 4, 
startTime = 2018-08-19T18:21:15.34
2018-08-19 18:21:35 INFO  Introduction:83 - Optimized value of steel rod of size = 4, 
startTime = 2018-08-19T18:21:35.961
2018-08-19 18:21:35 INFO  Introduction:89 - Total execution time in mili seconds = 114
2018-08-19 18:21:38 INFO  Introduction:83 - Optimized value of steel rod of size = 4, 
startTime = 2018-08-19T18:21:38.151
2018-08-19 18:21:38 INFO  Introduction:89 - Total execution time in mili seconds = 104
2018-08-19 18:21:39 INFO  Introduction:83 - Optimized value of steel rod of size = 4, 
startTime = 2018-08-19T18:21:39.686
2018-08-19 18:21:39 INFO  Introduction:89 - Total execution time in mili seconds = 100
2018-08-19 18:21:40 INFO  Introduction:83 - Optimized value of steel rod of size = 4, 
startTime = 2018-08-19T18:21:40.732
2018-08-19 18:21:40 INFO  Introduction:89 - Total execution time in mili seconds = 112
2018-08-19 18:21:41 INFO  Introduction:83 - Optimized value of steel rod of size = 4, 
startTime = 2018-08-19T18:21:41.619
2018-08-19 18:21:41 INFO  Introduction:89 - Total execution time in mili seconds = 105
2018-08-19 18:21:55 INFO  Introduction:83 - Optimized value of steel rod of size = 4, 
startTime = 2018-08-19T18:21:54.992
2018-08-19 18:21:55 INFO  Introduction:89 - Total execution time in mili seconds = 113
2018-08-19 18:21:56 INFO  Introduction:83 - Optimized value of steel rod of size = 4, 
startTime = 2018-08-19T18:21:56.27
2018-08-19 18:21:56 INFO  Introduction:89 - Total execution time in mili seconds = 104
2018-08-19 18:21:57 INFO  Introduction:83 - Optimized value of steel rod of size = 4, 
startTime = 2018-08-19T18:21:57.5
2018-08-19 18:21:57 INFO  Introduction:89 - Total execution time in mili seconds = 114
2018-08-19 18:22:10 INFO  Introduction:83 - Optimized value of steel rod of size = 25, 
startTime = 2018-08-19T18:22:10.413
2018-08-19 18:22:10 INFO  Introduction:89 - Total execution time in mili seconds = 320
2018-08-19 18:22:31 INFO  Introduction:83 - Optimized value of steel rod of size = 25, 
startTime = 2018-08-19T18:22:30.999
2018-08-19 18:22:31 INFO  Introduction:89 - Total execution time in mili seconds = 151
2018-08-19 18:22:35 INFO  Introduction:83 - Optimized value of steel rod of size = 25, 
startTime = 2018-08-19T18:22:35.747
2018-08-19 18:22:35 INFO  Introduction:89 - Total execution time in mili seconds = 109
2018-08-19 18:22:37 INFO  Introduction:83 - Optimized value of steel rod of size = 25, 
startTime = 2018-08-19T18:22:37.073
2018-08-19 18:22:37 INFO  Introduction:89 - Total execution time in mili seconds = 103
2018-08-19 18:22:38 INFO  Introduction:83 - Optimized value of steel rod of size = 25, 
startTime = 2018-08-19T18:22:38.064
2018-08-19 18:22:38 INFO  Introduction:89 - Total execution time in mili seconds = 110
2018-08-19 18:22:39 INFO  Introduction:83 - Optimized value of steel rod of size = 25, 
startTime = 2018-08-19T18:22:39.041
2018-08-19 18:22:39 INFO  Introduction:89 - Total execution time in mili seconds = 111
2018-08-19 18:22:40 INFO  Introduction:83 - Optimized value of steel rod of size = 25, 
startTime = 2018-08-19T18:22:40.028
2018-08-19 18:22:40 INFO  Introduction:89 - Total execution time in mili seconds = 101
2018-08-19 18:22:47 INFO  Introduction:83 - Optimized value of steel rod of size = 25, 
startTime = 2018-08-19T18:22:47.883
2018-08-19 18:22:48 INFO  Introduction:89 - Total execution time in mili seconds = 332
2018-08-19 18:22:49 INFO  Introduction:83 - Optimized value of steel rod of size = 25, 
startTime = 2018-08-19T18:22:49.067
2018-08-19 18:22:49 INFO  Introduction:89 - Total execution time in mili seconds = 307
2018-08-19 18:22:50 INFO  Introduction:83 - Optimized value of steel rod of size = 25, 
startTime = 2018-08-19T18:22:50.074
2018-08-19 18:22:50 INFO  Introduction:89 - Total execution time in mili seconds = 316
2018-08-19 18:22:51 INFO  Introduction:83 - Optimized value of steel rod of size = 25, 
startTime = 2018-08-19T18:22:51.03
2018-08-19 18:22:51 INFO  Introduction:89 - Total execution time in mili seconds = 348
2018-08-19 18:22:52 INFO  Introduction:83 - Optimized value of steel rod of size = 25, 
startTime = 2018-08-19T18:22:52.11
2018-08-19 18:22:52 INFO  Introduction:89 - Total execution time in mili seconds = 329
2018-08-19 18:22:53 INFO  Introduction:83 - Optimized value of steel rod of size = 25, 
startTime = 2018-08-19T18:22:53.264
2018-08-19 18:22:53 INFO  Introduction:89 - Total execution time in mili seconds = 329
2018-08-19 18:22:54 INFO  Introduction:83 - Optimized value of steel rod of size = 25, 
startTime = 2018-08-19T18:22:54.407
2018-08-19 18:22:54 INFO  Introduction:89 - Total execution time in mili seconds = 353
2018-08-19 18:22:55 INFO  Introduction:83 - Optimized value of steel rod of size = 25, 
startTime = 2018-08-19T18:22:55.585
2018-08-19 18:22:55 INFO  Introduction:89 - Total execution time in mili seconds = 338
2018-08-19 18:23:00 INFO  Introduction:83 - Optimized value of steel rod of size = 25, 
startTime = 2018-08-19T18:23:00.485
2018-08-19 18:23:00 INFO  Introduction:89 - Total execution time in mili seconds = 128
2018-08-19 18:23:01 INFO  Introduction:83 - Optimized value of steel rod of size = 25, 
startTime = 2018-08-19T18:23:01.827
2018-08-19 18:23:01 INFO  Introduction:89 - Total execution time in mili seconds = 104
2018-08-19 18:23:02 INFO  Introduction:83 - Optimized value of steel rod of size = 25, 
startTime = 2018-08-19T18:23:02.918
2018-08-19 18:23:02 INFO  Introduction:89 - Total execution time in mili seconds = 114
2018-08-19 18:23:22 INFO  Introduction:83 - Optimized value of steel rod of size = 30, 
startTime = 2018-08-19T18:23:22.327
2018-08-19 18:23:57 INFO  Introduction:83 - Optimized value of steel rod of size = 30, 
startTime = 2018-08-19T18:23:57.289
2018-08-19 18:24:12 INFO  Introduction:83 - Optimized value of steel rod of size = 27, 
startTime = 2018-08-19T18:24:12.451
2018-08-19 18:24:13 INFO  Introduction:89 - Total execution time in mili seconds = 983
2018-08-19 18:24:18 INFO  Introduction:83 - Optimized value of steel rod of size = 27, 
startTime = 2018-08-19T18:24:18.494
2018-08-19 18:24:19 INFO  Introduction:89 - Total execution time in mili seconds = 1118
2018-08-19 18:24:21 INFO  Introduction:83 - Optimized value of steel rod of size = 27, 
startTime = 2018-08-19T18:24:21.322
2018-08-19 18:24:22 INFO  Introduction:89 - Total execution time in mili seconds = 1008
2018-08-19 18:24:41 INFO  Introduction:83 - Optimized value of steel rod of size = 27, 
startTime = 2018-08-19T18:24:41.391
2018-08-19 18:24:41 INFO  Introduction:89 - Total execution time in mili seconds = 112
2018-08-19 18:26:22 INFO  Introduction:83 - Optimized value of steel rod of size = 4, 
startTime = 2018-08-19T18:26:22.501
2018-08-19 18:26:22 INFO  Introduction:89 - Total execution time in mili seconds = 136
2018-08-19 18:26:34 INFO  Introduction:83 - Optimized value of steel rod of size = 4, 
startTime = 2018-08-19T18:26:34.244
2018-08-19 18:26:34 INFO  Introduction:89 - Total execution time in mili seconds = 121
2018-08-19 18:26:35 INFO  Introduction:83 - Optimized value of steel rod of size = 4, 
startTime = 2018-08-19T18:26:35.722
2018-08-19 18:26:35 INFO  Introduction:89 - Total execution time in mili seconds = 124
2018-08-19 18:26:37 INFO  Introduction:83 - Optimized value of steel rod of size = 4, 
startTime = 2018-08-19T18:26:37.397
2018-08-19 18:26:37 INFO  Introduction:89 - Total execution time in mili seconds = 120
2018-08-19 18:26:46 INFO  Introduction:83 - Optimized value of steel rod of size = 4, 
startTime = 2018-08-19T18:26:46.773
2018-08-19 18:26:46 INFO  Introduction:89 - Total execution time in mili seconds = 121
2018-08-19 18:26:50 INFO  Introduction:83 - Optimized value of steel rod of size = 4, 
startTime = 2018-08-19T18:26:50.657
2018-08-19 18:26:50 INFO  Introduction:89 - Total execution time in mili seconds = 115
2018-08-19 18:26:57 INFO  Introduction:83 - Optimized value of steel rod of size = 4, 
startTime = 2018-08-19T18:26:57.04
2018-08-19 18:26:57 INFO  Introduction:89 - Total execution time in mili seconds = 117
2018-08-19 18:28:11 INFO  Introduction:82 - Optimized value of steel rod of size = 4, 
startTime = 2018-08-19T18:28:11.974
2018-08-19 18:28:12 INFO  Introduction:88 - Total execution time in mili seconds = 107
2018-08-19 18:28:14 INFO  Introduction:82 - Optimized value of steel rod of size = 4, 
startTime = 2018-08-19T18:28:14.263
2018-08-19 18:28:14 INFO  Introduction:88 - Total execution time in mili seconds = 113
2018-08-19 18:28:15 INFO  Introduction:82 - Optimized value of steel rod of size = 4, 
startTime = 2018-08-19T18:28:15.364
2018-08-19 18:28:15 INFO  Introduction:88 - Total execution time in mili seconds = 126
2018-08-19 18:29:08 INFO  Introduction:82 - Optimized value of steel rod of size = 4, 
startTime = 2018-08-19T18:29:08.515
2018-08-19 18:29:08 INFO  Introduction:88 - Total execution time in mili seconds = 117
2018-08-19 18:29:11 INFO  Introduction:82 - Optimized value of steel rod of size = 4, 
startTime = 2018-08-19T18:29:11.56
2018-08-19 18:29:11 INFO  Introduction:88 - Total execution time in mili seconds = 117
2018-08-19 18:29:51 INFO  Introduction:81 - Optimized value of steel rod of size = 25, 
startTime = 2018-08-19T18:29:51.22
2018-08-19 18:29:51 INFO  Introduction:87 - Total execution time in mili seconds = 120
2018-08-19 18:29:55 INFO  Introduction:81 - Optimized value of steel rod of size = 25, 
startTime = 2018-08-19T18:29:55.139
2018-08-19 18:29:55 INFO  Introduction:87 - Total execution time in mili seconds = 134
2018-08-19 18:30:02 INFO  Introduction:81 - Optimized value of steel rod of size = 25, 
startTime = 2018-08-19T18:30:02.854
2018-08-19 18:30:03 INFO  Introduction:87 - Total execution time in mili seconds = 387
2018-08-19 18:30:07 INFO  Introduction:81 - Optimized value of steel rod of size = 25, 
startTime = 2018-08-19T18:30:07.097
2018-08-19 18:30:07 INFO  Introduction:87 - Total execution time in mili seconds = 389
